2025-05-31 21:49:46 - [INFO] File upload worker thread 1 started
2025-05-31 21:49:46 - [INFO] File upload worker thread 2 started
2025-05-31 21:49:46 - [INFO] File upload worker thread 2 started and waiting for files
2025-05-31 21:49:46 - [INFO] File upload worker thread 3 started
2025-05-31 21:49:46 - [INFO] File upload worker thread 4 started
2025-05-31 21:49:46 - [INFO] File upload worker thread 1 started and waiting for files
2025-05-31 21:49:46 - [INFO] File upload worker thread 3 started and waiting for files
2025-05-31 21:49:46 - [INFO] File upload worker thread 5 started
2025-05-31 21:49:46 - [INFO] Server listening on port 8080...
2025-05-31 21:49:46 - [INFO] File upload worker thread 4 started and waiting for files
2025-05-31 21:49:46 - [INFO] File upload worker thread 5 started and waiting for files
2025-05-31 21:49:53 - [LOGIN] user 'emre' connected from 127.0.0.1
2025-05-31 21:49:57 - [JOIN] user 'emre' joined room 'room2'
2025-05-31 21:50:02 - [LEAVE] user 'emre' left room 'room2'
2025-05-31 21:50:07 - [DISCONNECT] user 'emre' lost connection. Cleaned up resources.
2025-05-31 22:09:25 - [INFO] File upload worker thread 1 started
2025-05-31 22:09:25 - [INFO] File upload worker thread 1 started and waiting for files
2025-05-31 22:09:25 - [INFO] File upload worker thread 2 started
2025-05-31 22:09:25 - [INFO] File upload worker thread 3 started
2025-05-31 22:09:25 - [INFO] File upload worker thread 4 started
2025-05-31 22:09:25 - [INFO] File upload worker thread 3 started and waiting for files
2025-05-31 22:09:25 - [INFO] File upload worker thread 5 started
2025-05-31 22:09:25 - [INFO] Server listening on port 8080...
2025-05-31 22:09:25 - [INFO] File upload worker thread 4 started and waiting for files
2025-05-31 22:09:25 - [INFO] File upload worker thread 5 started and waiting for files
2025-05-31 22:09:25 - [INFO] File upload worker thread 2 started and waiting for files
2025-05-31 22:09:30 - [LOGIN] user 'emre' connected from 127.0.0.1
2025-05-31 22:09:35 - [JOIN] user 'emre' joined room 'room2'
2025-05-31 22:09:36 - [DISCONNECT] Client emre disconnected.
2025-05-31 22:09:36 - [DISCONNECT] user 'emre' lost connection. Cleaned up resources.
